[info] : [2023-09-14T08:55:27.719Z] - Apollo server has been started on http://localhost:4004/graphql
[error] : [2023-09-14T08:55:36.126Z] - Mongo DB Error: Error: querySrv ECONNREFUSED _mongodb._tcp.cluster0.fyfwxmm.mongodb.net
[info] : [2023-09-14T08:55:59.059Z] - Apollo server has been started on http://localhost:4004/graphql
[error] : [2023-09-14T08:56:07.867Z] - Mongo DB Error: Error: querySrv ECONNREFUSED _mongodb._tcp.cluster0.fyfwxmm.mongodb.net
[info] : [2023-09-14T08:57:10.099Z] - Apollo server has been started on http://localhost:4004/graphql
[info] : [2023-09-14T08:57:10.685Z] - Mongo DB successfully connected...
[info] : [2023-09-14T08:57:26.611Z] - Apollo server has been started on http://localhost:4004/graphql
[info] : [2023-09-14T08:57:27.250Z] - Mongo DB successfully connected...
[info] : [2023-09-14T08:58:21.554Z] - Apollo server has been started on http://localhost:4004/graphql
[info] : [2023-09-14T08:58:23.538Z] - Apollo server has been started on http://localhost:4004/graphql
[info] : [2023-09-14T08:58:23.971Z] - Mongo DB successfully connected...
[info] : [2023-09-14T08:58:39.360Z] - Apollo server has been started on http://localhost:4004/graphql
[info] : [2023-09-14T08:58:42.292Z] - Apollo server has been started on http://localhost:4004/graphql
[info] : [2023-09-14T08:58:42.821Z] - Mongo DB successfully connected...
[info] : [2023-09-14T08:59:11.421Z] - Apollo server has been started on http://localhost:4004/graphql
[info] : [2023-09-14T08:59:12.071Z] - Mongo DB successfully connected...
[info] : [2023-09-14T11:57:52.237Z] - Mongo DB successfully connected...
[info] : [2023-09-14T11:58:17.355Z] - Apollo server has been started on http://localhost:4004/graphql
[info] : [2023-09-14T11:58:17.910Z] - Mongo DB successfully connected...
[info] : [2023-09-14T11:58:36.676Z] - Apollo server has been started on http://localhost:4004/graphql
[info] : [2023-09-14T11:58:37.269Z] - Mongo DB successfully connected...
[info] : [2023-09-14T19:46:17.200Z] - Apollo server has been started on http://localhost:4004/graphql
[info] : [2023-09-14T19:46:17.803Z] - Mongo DB successfully connected...
[info] : [2023-09-14T19:46:34.051Z] - Apollo server has been started on http://localhost:4004/graphql
[info] : [2023-09-14T19:46:34.551Z] - Mongo DB successfully connected...
[info] : [2023-09-14T19:55:58.651Z] - Apollo server has been started on http://localhost:4004/graphql
[info] : [2023-09-14T19:55:59.195Z] - Mongo DB successfully connected...
[info] : [2023-09-14T19:56:13.820Z] - Apollo server has been started on http://localhost:4004/graphql
[info] : [2023-09-14T19:56:14.233Z] - Mongo DB successfully connected...
[info] : [2023-09-15T10:09:48.200Z] - Apollo server has been started on http://localhost:4004/graphql
[info] : [2023-09-15T10:09:48.737Z] - Mongo DB successfully connected...
[info] : [2023-09-15T10:09:58.280Z] - Apollo server has been started on http://localhost:4004/graphql
[info] : [2023-09-15T10:09:58.708Z] - Mongo DB successfully connected...
[info] : [2023-09-15T10:27:21.415Z] - Apollo server has been started on http://localhost:4004/graphql
[info] : [2023-09-15T10:27:21.967Z] - Mongo DB successfully connected...
[info] : [2023-09-15T11:57:37.103Z] - Apollo server has been started on http://localhost:4004/graphql
[info] : [2023-09-15T11:57:39.587Z] - Mongo DB successfully connected...
[info] : [2023-09-15T11:57:51.260Z] - Apollo server has been started on http://localhost:4004/graphql
[info] : [2023-09-15T11:57:51.854Z] - Mongo DB successfully connected...
[info] : [2023-09-15T12:03:49.336Z] - Apollo server has been started on http://localhost:4004/graphql
[info] : [2023-09-15T12:03:50.138Z] - Mongo DB successfully connected...
[info] : [2023-09-15T12:04:28.677Z] - Apollo server has been started on http://localhost:4004/graphql
[info] : [2023-09-15T12:04:29.101Z] - Mongo DB successfully connected...
[info] : [2023-09-15T12:04:43.551Z] - Apollo server has been started on http://localhost:4004/graphql
[info] : [2023-09-15T12:04:44.272Z] - Mongo DB successfully connected...
[info] : [2023-09-15T12:04:48.321Z] - Apollo server has been started on http://localhost:4004/graphql
[info] : [2023-09-15T12:04:48.764Z] - Mongo DB successfully connected...
[info] : [2023-09-15T12:04:56.013Z] - Apollo server has been started on http://localhost:4004/graphql
[info] : [2023-09-15T12:04:56.463Z] - Mongo DB successfully connected...
[info] : [2023-09-15T12:05:01.307Z] - Apollo server has been started on http://localhost:4004/graphql
[info] : [2023-09-15T12:05:01.773Z] - Mongo DB successfully connected...
[info] : [2023-09-15T12:05:03.742Z] - Apollo server has been started on http://localhost:4004/graphql
[info] : [2023-09-15T12:05:04.189Z] - Mongo DB successfully connected...
[info] : [2023-09-15T12:05:10.620Z] - Apollo server has been started on http://localhost:4004/graphql
[info] : [2023-09-15T12:05:11.215Z] - Mongo DB successfully connected...
[info] : [2023-09-15T12:05:58.113Z] - Apollo server has been started on http://localhost:4004/graphql
[info] : [2023-09-15T12:05:58.576Z] - Mongo DB successfully connected...
[info] : [2023-09-15T12:06:13.411Z] - Apollo server has been started on http://localhost:4004/graphql
[info] : [2023-09-15T12:06:18.976Z] - Apollo server has been started on http://localhost:4004/graphql
[info] : [2023-09-15T12:06:23.494Z] - Apollo server has been started on http://localhost:4004/graphql
[info] : [2023-09-15T12:06:23.993Z] - Mongo DB successfully connected...
[info] : [2023-09-15T12:06:50.844Z] - Apollo server has been started on http://localhost:4004/graphql
[info] : [2023-09-15T12:06:51.349Z] - Mongo DB successfully connected...
[info] : [2023-09-16T08:22:19.516Z] - Apollo server has been started on http://localhost:4004/graphql
[info] : [2023-09-16T08:22:21.567Z] - Mongo DB successfully connected...
[info] : [2023-09-16T08:22:43.503Z] - Apollo server has been started on http://localhost:4004/graphql
[info] : [2023-09-16T08:22:44.181Z] - Mongo DB successfully connected...
[error] : [2023-09-16T08:47:06.503Z] - Can't find event in getOneEvent
[error] : [2023-09-16T08:47:21.709Z] - Can't find event in getOneEvent
[error] : [2023-09-16T08:48:40.789Z] - Can't find event in getOneEvent
[error] : [2023-09-16T08:49:20.497Z] - Can't find event in getOneEvent
[error] : [2023-09-16T08:50:22.254Z] - Can't find event in getOneEvent
[info] : [2023-09-16T08:52:19.228Z] - Apollo server has been started on http://localhost:4004/graphql
[info] : [2023-09-16T08:52:19.665Z] - Mongo DB successfully connected...
[info] : [2023-09-16T08:52:43.395Z] - Apollo server has been started on http://localhost:4004/graphql
[info] : [2023-09-16T08:52:43.832Z] - Mongo DB successfully connected...
[info] : [2023-09-16T08:52:56.710Z] - Apollo server has been started on http://localhost:4004/graphql
[info] : [2023-09-16T08:52:57.179Z] - Mongo DB successfully connected...
[info] : [2023-09-16T08:53:27.063Z] - Apollo server has been started on http://localhost:4004/graphql
[info] : [2023-09-16T08:53:27.515Z] - Mongo DB successfully connected...
[info] : [2023-09-16T08:53:33.072Z] - Apollo server has been started on http://localhost:4004/graphql
[info] : [2023-09-16T08:53:33.540Z] - Mongo DB successfully connected...
[info] : [2023-09-16T08:54:05.792Z] - Apollo server has been started on http://localhost:4004/graphql
[info] : [2023-09-16T08:54:06.254Z] - Mongo DB successfully connected...
[info] : [2023-09-16T08:54:14.761Z] - Apollo server has been started on http://localhost:4004/graphql
[info] : [2023-09-16T08:54:15.078Z] - Mongo DB successfully connected...
[info] : [2023-09-16T08:55:03.610Z] - Apollo server has been started on http://localhost:4004/graphql
[info] : [2023-09-16T08:55:06.177Z] - Apollo server has been started on http://localhost:4004/graphql
[info] : [2023-09-16T08:55:06.796Z] - Mongo DB successfully connected...
[info] : [2023-09-16T08:55:21.454Z] - Apollo server has been started on http://localhost:4004/graphql
[info] : [2023-09-16T08:55:21.904Z] - Mongo DB successfully connected...
[info] : [2023-09-16T08:55:28.471Z] - Apollo server has been started on http://localhost:4004/graphql
[info] : [2023-09-16T08:55:28.963Z] - Mongo DB successfully connected...
[info] : [2023-09-16T08:55:34.356Z] - Apollo server has been started on http://localhost:4004/graphql
[info] : [2023-09-16T08:55:34.760Z] - Mongo DB successfully connected...
[info] : [2023-09-16T08:55:38.591Z] - Apollo server has been started on http://localhost:4004/graphql
[info] : [2023-09-16T08:55:39.452Z] - Mongo DB successfully connected...
[error] : [2023-09-16T08:58:55.085Z] - Can't find event in getOneEvent
[error] : [2023-09-16T09:00:34.379Z] - Can't find event in getOneEvent
[error] : [2023-09-16T09:02:09.434Z] - Can't find event in getOneEvent
[error] : [2023-09-16T09:03:37.887Z] - Can't find event in getOneEvent
[info] : [2023-09-16T09:04:13.036Z] - Apollo server has been started on http://localhost:4004/graphql
[info] : [2023-09-16T09:04:13.476Z] - Mongo DB successfully connected...
[info] : [2023-09-16T09:05:02.048Z] - Apollo server has been started on http://localhost:4004/graphql
[info] : [2023-09-16T09:05:02.539Z] - Mongo DB successfully connected...
[info] : [2023-09-16T09:05:05.697Z] - Apollo server has been started on http://localhost:4004/graphql
[info] : [2023-09-16T09:05:06.255Z] - Mongo DB successfully connected...
[error] : [2023-09-16T09:05:43.945Z] - Can't find event in getOneEvent
[info] : [2023-09-16T09:06:09.594Z] - Apollo server has been started on http://localhost:4004/graphql
[info] : [2023-09-16T09:06:10.134Z] - Mongo DB successfully connected...
[error] : [2023-09-16T09:06:20.681Z] - Can't find event in getOneEvent
[info] : [2023-09-16T09:07:50.573Z] - Apollo server has been started on http://localhost:4004/graphql
[info] : [2023-09-16T09:07:51.030Z] - Mongo DB successfully connected...
[info] : [2023-09-16T09:08:17.026Z] - Apollo server has been started on http://localhost:4004/graphql
[info] : [2023-09-16T09:08:17.496Z] - Mongo DB successfully connected...
[error] : [2023-09-16T09:09:16.660Z] - Can't find event in getOneEvent
[info] : [2023-09-16T09:10:01.736Z] - Apollo server has been started on http://localhost:4004/graphql
[info] : [2023-09-16T09:10:02.184Z] - Mongo DB successfully connected...
[error] : [2023-09-16T09:22:14.145Z] - Can't find event in getOneEvent
[error] : [2023-09-16T09:30:12.959Z] - Can't find event in getOneEvent
[error] : [2023-09-16T09:34:50.623Z] - Can't find event in getOneEvent
[error] : [2023-09-16T09:37:23.814Z] - Can't find event in getOneEvent
[info] : [2023-09-16T19:22:13.076Z] - Apollo server has been started on http://localhost:4004/graphql
[info] : [2023-09-16T19:22:13.681Z] - Mongo DB successfully connected...
[info] : [2023-09-16T19:22:43.758Z] - Apollo server has been started on http://localhost:4004/graphql
[info] : [2023-09-16T19:22:44.312Z] - Mongo DB successfully connected...
[info] : [2023-09-16T19:29:58.209Z] - Apollo server has been started on http://localhost:4004/graphql
[info] : [2023-09-16T19:29:58.777Z] - Mongo DB successfully connected...
[info] : [2023-09-16T19:30:34.800Z] - Apollo server has been started on http://localhost:4004/graphql
[info] : [2023-09-16T19:30:35.280Z] - Mongo DB successfully connected...
[info] : [2023-09-16T20:05:25.725Z] - Apollo server has been started on http://localhost:4004/graphql
[info] : [2023-09-16T20:05:26.180Z] - Mongo DB successfully connected...
[info] : [2023-09-16T20:05:44.602Z] - Apollo server has been started on http://localhost:4004/graphql
[info] : [2023-09-16T20:05:45.149Z] - Mongo DB successfully connected...
[info] : [2023-09-16T20:06:10.947Z] - Apollo server has been started on http://localhost:4004/graphql
[info] : [2023-09-16T20:06:11.571Z] - Mongo DB successfully connected...
[info] : [2023-09-16T20:08:07.612Z] - Apollo server has been started on http://localhost:4004/graphql
[info] : [2023-09-16T20:08:08.065Z] - Mongo DB successfully connected...
[info] : [2023-09-16T20:12:57.737Z] - Apollo server has been started on http://localhost:4004/graphql
[info] : [2023-09-16T20:12:58.123Z] - Mongo DB successfully connected...
[info] : [2023-09-16T20:13:12.270Z] - Apollo server has been started on http://localhost:4004/graphql
[info] : [2023-09-16T20:13:12.709Z] - Mongo DB successfully connected...
[info] : [2023-09-16T20:24:38.774Z] - Apollo server has been started on http://localhost:4004/graphql
[info] : [2023-09-16T20:24:39.251Z] - Mongo DB successfully connected...
[info] : [2023-09-16T20:25:05.485Z] - Apollo server has been started on http://localhost:4004/graphql
[info] : [2023-09-16T20:25:05.915Z] - Mongo DB successfully connected...
[info] : [2023-09-16T20:30:03.461Z] - Apollo server has been started on http://localhost:4004/graphql
[info] : [2023-09-16T20:30:05.077Z] - Mongo DB successfully connected...
[info] : [2023-09-16T20:30:17.889Z] - Apollo server has been started on http://localhost:4004/graphql
[info] : [2023-09-16T20:30:18.633Z] - Mongo DB successfully connected...
[info] : [2023-09-16T20:30:37.259Z] - Apollo server has been started on http://localhost:4004/graphql
[info] : [2023-09-16T20:30:37.814Z] - Mongo DB successfully connected...
[info] : [2023-09-16T20:30:56.100Z] - Apollo server has been started on http://localhost:4004/graphql
[info] : [2023-09-16T20:30:56.651Z] - Mongo DB successfully connected...
[info] : [2023-09-16T20:31:11.976Z] - Apollo server has been started on http://localhost:4004/graphql
[info] : [2023-09-16T20:31:15.167Z] - Apollo server has been started on http://localhost:4004/graphql
[info] : [2023-09-16T20:31:15.715Z] - Mongo DB successfully connected...
[info] : [2023-09-16T20:31:30.917Z] - Apollo server has been started on http://localhost:4004/graphql
[info] : [2023-09-16T20:31:32.521Z] - Mongo DB successfully connected...
[info] : [2023-09-16T20:31:58.128Z] - Apollo server has been started on http://localhost:4004/graphql
[info] : [2023-09-16T20:31:58.662Z] - Mongo DB successfully connected...
[info] : [2023-09-16T20:32:25.599Z] - Apollo server has been started on http://localhost:4004/graphql
[info] : [2023-09-16T20:32:26.094Z] - Mongo DB successfully connected...
[info] : [2023-09-16T20:33:04.094Z] - Apollo server has been started on http://localhost:4004/graphql
[info] : [2023-09-16T20:33:04.620Z] - Mongo DB successfully connected...
[info] : [2023-09-17T01:30:13.461Z] - Apollo server has been started on http://localhost:4004/graphql
[info] : [2023-09-17T01:30:14.260Z] - Mongo DB successfully connected...
[info] : [2023-09-17T01:30:26.197Z] - Apollo server has been started on http://localhost:4004/graphql
[info] : [2023-09-17T01:30:26.650Z] - Mongo DB successfully connected...
[info] : [2023-09-17T01:31:08.266Z] - Apollo server has been started on http://localhost:4004/graphql
[info] : [2023-09-17T01:31:09.155Z] - Mongo DB successfully connected...
[info] : [2023-09-17T01:31:21.484Z] - Apollo server has been started on http://localhost:4004/graphql
[info] : [2023-09-17T01:31:23.079Z] - Mongo DB successfully connected...
[info] : [2023-09-17T01:31:26.223Z] - Apollo server has been started on http://localhost:4004/graphql
[info] : [2023-09-17T01:31:27.443Z] - Mongo DB successfully connected...
[info] : [2023-09-17T01:31:37.438Z] - Apollo server has been started on http://localhost:4004/graphql
[info] : [2023-09-17T01:31:37.939Z] - Mongo DB successfully connected...
[info] : [2023-09-17T01:33:43.985Z] - Apollo server has been started on http://localhost:4004/graphql
[info] : [2023-09-17T01:33:44.416Z] - Mongo DB successfully connected...
[info] : [2023-09-17T01:33:50.185Z] - Apollo server has been started on http://localhost:4004/graphql
[info] : [2023-09-17T01:33:50.698Z] - Mongo DB successfully connected...
[info] : [2023-09-17T01:36:00.708Z] - Apollo server has been started on http://localhost:4004/graphql
[info] : [2023-09-17T01:36:01.200Z] - Mongo DB successfully connected...
[info] : [2023-09-17T01:36:10.644Z] - Apollo server has been started on http://localhost:4004/graphql
[info] : [2023-09-17T01:36:11.148Z] - Mongo DB successfully connected...
[info] : [2023-09-17T01:36:18.115Z] - Apollo server has been started on http://localhost:4004/graphql
[info] : [2023-09-17T01:36:18.547Z] - Mongo DB successfully connected...
[info] : [2023-09-17T01:39:41.851Z] - Apollo server has been started on http://localhost:4004/graphql
[info] : [2023-09-17T01:39:42.876Z] - Mongo DB successfully connected...
[info] : [2023-09-17T01:39:56.031Z] - Apollo server has been started on http://localhost:4004/graphql
[info] : [2023-09-17T01:39:56.456Z] - Mongo DB successfully connected...
[info] : [2023-09-17T01:40:07.923Z] - Apollo server has been started on http://localhost:4004/graphql
[info] : [2023-09-17T01:40:08.465Z] - Mongo DB successfully connected...
[info] : [2023-09-17T01:40:38.750Z] - Apollo server has been started on http://localhost:4004/graphql
[info] : [2023-09-17T01:40:39.218Z] - Mongo DB successfully connected...
[info] : [2023-09-17T01:44:29.107Z] - Apollo server has been started on http://localhost:4004/graphql
[info] : [2023-09-17T01:44:29.634Z] - Mongo DB successfully connected...
[info] : [2023-09-17T01:44:46.710Z] - Apollo server has been started on http://localhost:4004/graphql
[info] : [2023-09-17T01:44:47.149Z] - Mongo DB successfully connected...
[info] : [2023-09-17T01:44:52.938Z] - Apollo server has been started on http://localhost:4004/graphql
[info] : [2023-09-17T01:44:53.408Z] - Mongo DB successfully connected...
[info] : [2023-09-17T01:45:09.018Z] - Apollo server has been started on http://localhost:4004/graphql
[info] : [2023-09-17T01:45:09.456Z] - Mongo DB successfully connected...
[info] : [2023-09-17T01:45:28.075Z] - Apollo server has been started on http://localhost:4004/graphql
[info] : [2023-09-17T01:45:28.516Z] - Mongo DB successfully connected...
[info] : [2023-09-17T01:45:35.969Z] - Apollo server has been started on http://localhost:4004/graphql
[info] : [2023-09-17T01:45:36.717Z] - Mongo DB successfully connected...
[info] : [2023-09-17T01:47:32.447Z] - Apollo server has been started on http://localhost:4004/graphql
[info] : [2023-09-17T01:47:34.999Z] - Apollo server has been started on http://localhost:4004/graphql
[info] : [2023-09-17T01:47:35.610Z] - Mongo DB successfully connected...
[info] : [2023-09-17T01:47:47.595Z] - Apollo server has been started on http://localhost:4004/graphql
[info] : [2023-09-17T01:47:48.072Z] - Mongo DB successfully connected...
[info] : [2023-09-17T01:48:31.222Z] - Apollo server has been started on http://localhost:4004/graphql
[info] : [2023-09-17T01:48:31.629Z] - Mongo DB successfully connected...
[info] : [2023-09-17T01:49:51.547Z] - Apollo server has been started on http://localhost:4004/graphql
[info] : [2023-09-17T01:49:52.028Z] - Mongo DB successfully connected...
[info] : [2023-09-17T01:49:59.047Z] - Apollo server has been started on http://localhost:4004/graphql
[info] : [2023-09-17T01:49:59.488Z] - Mongo DB successfully connected...
[info] : [2023-09-17T01:50:02.633Z] - Apollo server has been started on http://localhost:4004/graphql
[info] : [2023-09-17T01:50:06.239Z] - Apollo server has been started on http://localhost:4004/graphql
[info] : [2023-09-17T01:50:06.660Z] - Mongo DB successfully connected...
[info] : [2023-09-17T01:51:10.095Z] - Apollo server has been started on http://localhost:4004/graphql
[info] : [2023-09-17T01:51:10.546Z] - Mongo DB successfully connected...
[info] : [2023-09-17T01:52:11.809Z] - Apollo server has been started on http://localhost:4004/graphql
[info] : [2023-09-17T01:52:12.269Z] - Mongo DB successfully connected...
[info] : [2023-09-17T01:52:28.254Z] - Apollo server has been started on http://localhost:4004/graphql
[info] : [2023-09-17T01:52:34.293Z] - Apollo server has been started on http://localhost:4004/graphql
[info] : [2023-09-17T01:52:34.749Z] - Mongo DB successfully connected...
[info] : [2023-09-17T01:52:52.347Z] - Apollo server has been started on http://localhost:4004/graphql
[info] : [2023-09-17T01:52:52.794Z] - Mongo DB successfully connected...
[info] : [2023-09-17T01:53:04.060Z] - Apollo server has been started on http://localhost:4004/graphql
[info] : [2023-09-17T01:53:04.780Z] - Mongo DB successfully connected...
[info] : [2023-09-17T01:53:11.637Z] - Apollo server has been started on http://localhost:4004/graphql
[info] : [2023-09-17T01:53:12.045Z] - Mongo DB successfully connected...
[info] : [2023-09-17T01:53:16.689Z] - Apollo server has been started on http://localhost:4004/graphql
[info] : [2023-09-17T01:53:17.179Z] - Mongo DB successfully connected...
[info] : [2023-09-17T01:53:50.139Z] - Apollo server has been started on http://localhost:4004/graphql
[info] : [2023-09-17T01:53:53.329Z] - Apollo server has been started on http://localhost:4004/graphql
[info] : [2023-09-17T01:53:53.827Z] - Mongo DB successfully connected...
[info] : [2023-09-17T01:54:19.039Z] - Apollo server has been started on http://localhost:4004/graphql
[info] : [2023-09-17T01:54:19.505Z] - Mongo DB successfully connected...
[info] : [2023-09-17T02:03:59.350Z] - Apollo server has been started on http://localhost:4004/graphql
[info] : [2023-09-17T02:03:59.795Z] - Mongo DB successfully connected...
[info] : [2023-09-17T02:04:43.360Z] - Apollo server has been started on http://localhost:4004/graphql
[info] : [2023-09-17T02:04:43.840Z] - Mongo DB successfully connected...
[info] : [2023-09-17T02:04:51.574Z] - Apollo server has been started on http://localhost:4004/graphql
[info] : [2023-09-17T02:04:52.162Z] - Mongo DB successfully connected...
[info] : [2023-09-17T02:04:57.802Z] - Apollo server has been started on http://localhost:4004/graphql
[info] : [2023-09-17T02:05:00.907Z] - Apollo server has been started on http://localhost:4004/graphql
[info] : [2023-09-17T02:05:01.405Z] - Mongo DB successfully connected...
[info] : [2023-09-17T02:05:41.731Z] - Apollo server has been started on http://localhost:4004/graphql
[info] : [2023-09-17T02:05:42.217Z] - Mongo DB successfully connected...
[info] : [2023-09-17T02:07:53.877Z] - Apollo server has been started on http://localhost:4004/graphql
[info] : [2023-09-17T02:07:54.316Z] - Mongo DB successfully connected...
[info] : [2023-09-17T02:08:38.707Z] - Apollo server has been started on http://localhost:4004/graphql
[info] : [2023-09-17T02:08:39.181Z] - Mongo DB successfully connected...
[info] : [2023-09-17T02:08:48.366Z] - Apollo server has been started on http://localhost:4004/graphql
[info] : [2023-09-17T02:08:48.843Z] - Mongo DB successfully connected...
[info] : [2023-09-17T02:09:16.255Z] - Apollo server has been started on http://localhost:4004/graphql
[info] : [2023-09-17T02:09:16.708Z] - Mongo DB successfully connected...
[info] : [2023-09-17T02:09:25.527Z] - Apollo server has been started on http://localhost:4004/graphql
[info] : [2023-09-17T02:09:25.984Z] - Mongo DB successfully connected...
[info] : [2023-09-17T02:12:14.323Z] - Apollo server has been started on http://localhost:4004/graphql
[info] : [2023-09-17T02:12:14.858Z] - Mongo DB successfully connected...
[info] : [2023-09-17T02:13:14.532Z] - Apollo server has been started on http://localhost:4004/graphql
[info] : [2023-09-17T02:13:15.030Z] - Mongo DB successfully connected...
[info] : [2023-09-17T02:14:24.426Z] - Apollo server has been started on http://localhost:4004/graphql
[info] : [2023-09-17T02:14:24.923Z] - Mongo DB successfully connected...
[info] : [2023-09-17T02:14:40.705Z] - Apollo server has been started on http://localhost:4004/graphql
[info] : [2023-09-17T02:14:41.158Z] - Mongo DB successfully connected...
[info] : [2023-09-17T02:16:59.912Z] - Apollo server has been started on http://localhost:4004/graphql
[info] : [2023-09-17T02:17:00.599Z] - Mongo DB successfully connected...
[info] : [2023-09-17T02:17:13.381Z] - Apollo server has been started on http://localhost:4004/graphql
[info] : [2023-09-17T02:17:13.829Z] - Mongo DB successfully connected...
[info] : [2023-09-17T02:18:02.566Z] - Apollo server has been started on http://localhost:4004/graphql
[info] : [2023-09-17T02:18:03.022Z] - Mongo DB successfully connected...
[info] : [2023-09-17T02:19:16.906Z] - Apollo server has been started on http://localhost:4004/graphql
[info] : [2023-09-17T02:19:17.405Z] - Mongo DB successfully connected...
[info] : [2023-09-17T02:19:26.240Z] - Apollo server has been started on http://localhost:4004/graphql
[info] : [2023-09-17T02:19:27.096Z] - Mongo DB successfully connected...
[info] : [2023-09-17T02:19:31.248Z] - Apollo server has been started on http://localhost:4004/graphql
[info] : [2023-09-17T02:19:31.767Z] - Mongo DB successfully connected...
[info] : [2023-09-17T02:19:46.382Z] - Apollo server has been started on http://localhost:4004/graphql
[info] : [2023-09-17T02:19:49.034Z] - Apollo server has been started on http://localhost:4004/graphql
[info] : [2023-09-17T02:19:49.505Z] - Mongo DB successfully connected...
[info] : [2023-09-17T02:20:19.344Z] - Apollo server has been started on http://localhost:4004/graphql
[info] : [2023-09-17T02:20:19.832Z] - Mongo DB successfully connected...
[info] : [2023-09-17T02:20:22.566Z] - Apollo server has been started on http://localhost:4004/graphql
[info] : [2023-09-17T02:20:23.046Z] - Mongo DB successfully connected...
[info] : [2023-09-17T02:20:50.614Z] - Apollo server has been started on http://localhost:4004/graphql
[info] : [2023-09-17T02:20:51.085Z] - Mongo DB successfully connected...
[info] : [2023-09-17T02:21:07.368Z] - Apollo server has been started on http://localhost:4004/graphql
[info] : [2023-09-17T02:21:08.140Z] - Mongo DB successfully connected...
[info] : [2023-09-17T02:21:16.346Z] - Apollo server has been started on http://localhost:4004/graphql
[info] : [2023-09-17T02:21:16.806Z] - Mongo DB successfully connected...
[info] : [2023-09-17T02:21:35.593Z] - Apollo server has been started on http://localhost:4004/graphql
[info] : [2023-09-17T02:21:36.033Z] - Mongo DB successfully connected...
[info] : [2023-09-17T02:23:18.253Z] - Apollo server has been started on http://localhost:4004/graphql
[info] : [2023-09-17T02:23:19.031Z] - Mongo DB successfully connected...
[info] : [2023-09-17T02:23:33.830Z] - Apollo server has been started on http://localhost:4004/graphql
[info] : [2023-09-17T02:23:34.740Z] - Mongo DB successfully connected...
[info] : [2023-09-17T02:24:11.417Z] - Apollo server has been started on http://localhost:4004/graphql
[info] : [2023-09-17T02:24:11.896Z] - Mongo DB successfully connected...
[info] : [2023-09-17T02:24:17.426Z] - Apollo server has been started on http://localhost:4004/graphql
[info] : [2023-09-17T02:24:17.876Z] - Mongo DB successfully connected...
[info] : [2023-09-17T02:24:38.731Z] - Apollo server has been started on http://localhost:4004/graphql
[info] : [2023-09-17T02:24:39.436Z] - Mongo DB successfully connected...
[info] : [2023-09-17T02:25:11.322Z] - Apollo server has been started on http://localhost:4004/graphql
[info] : [2023-09-17T02:25:11.758Z] - Mongo DB successfully connected...
[info] : [2023-09-17T02:25:14.910Z] - Apollo server has been started on http://localhost:4004/graphql
[info] : [2023-09-17T02:25:15.358Z] - Mongo DB successfully connected...
[info] : [2023-09-17T02:25:26.080Z] - Apollo server has been started on http://localhost:4004/graphql
[info] : [2023-09-17T02:25:26.555Z] - Mongo DB successfully connected...
[info] : [2023-09-17T02:25:35.393Z] - Apollo server has been started on http://localhost:4004/graphql
[info] : [2023-09-17T02:25:36.507Z] - Mongo DB successfully connected...
[info] : [2023-09-17T02:25:41.175Z] - Apollo server has been started on http://localhost:4004/graphql
[info] : [2023-09-17T02:25:41.647Z] - Mongo DB successfully connected...
[info] : [2023-09-17T02:25:57.816Z] - Apollo server has been started on http://localhost:4004/graphql
[info] : [2023-09-17T02:25:58.261Z] - Mongo DB successfully connected...
[info] : [2023-09-17T02:26:06.265Z] - Apollo server has been started on http://localhost:4004/graphql
[info] : [2023-09-17T02:26:06.715Z] - Mongo DB successfully connected...
[info] : [2023-09-17T02:26:30.046Z] - Apollo server has been started on http://localhost:4004/graphql
[info] : [2023-09-17T02:26:30.499Z] - Mongo DB successfully connected...
[info] : [2023-09-17T02:26:44.367Z] - Apollo server has been started on http://localhost:4004/graphql
[info] : [2023-09-17T02:26:44.804Z] - Mongo DB successfully connected...
[info] : [2023-09-17T02:26:51.444Z] - Apollo server has been started on http://localhost:4004/graphql
[info] : [2023-09-17T02:26:51.875Z] - Mongo DB successfully connected...
[info] : [2023-09-17T02:27:02.035Z] - Apollo server has been started on http://localhost:4004/graphql
[info] : [2023-09-17T02:27:02.481Z] - Mongo DB successfully connected...
[info] : [2023-09-17T02:27:08.918Z] - Apollo server has been started on http://localhost:4004/graphql
[info] : [2023-09-17T02:27:09.403Z] - Mongo DB successfully connected...
[info] : [2023-09-17T02:27:44.490Z] - Apollo server has been started on http://localhost:4004/graphql
[info] : [2023-09-17T02:27:44.940Z] - Mongo DB successfully connected...
[info] : [2023-09-17T02:29:50.440Z] - Apollo server has been started on http://localhost:4004/graphql
[info] : [2023-09-17T02:29:50.911Z] - Mongo DB successfully connected...
[info] : [2023-09-17T02:30:08.790Z] - Apollo server has been started on http://localhost:4004/graphql
[info] : [2023-09-17T02:30:09.514Z] - Mongo DB successfully connected...
[info] : [2023-09-17T02:30:25.061Z] - Apollo server has been started on http://localhost:4004/graphql
[info] : [2023-09-17T02:30:25.784Z] - Mongo DB successfully connected...
[info] : [2023-09-17T02:30:29.431Z] - Apollo server has been started on http://localhost:4004/graphql
[info] : [2023-09-17T02:30:29.925Z] - Mongo DB successfully connected...
[info] : [2023-09-17T02:31:05.370Z] - Apollo server has been started on http://localhost:4004/graphql
[info] : [2023-09-17T02:31:06.263Z] - Mongo DB successfully connected...
[info] : [2023-09-17T02:31:13.230Z] - Apollo server has been started on http://localhost:4004/graphql
[info] : [2023-09-17T02:31:13.723Z] - Mongo DB successfully connected...
[info] : [2023-09-17T02:31:22.466Z] - Apollo server has been started on http://localhost:4004/graphql
[info] : [2023-09-17T02:31:23.092Z] - Mongo DB successfully connected...
[info] : [2023-09-17T02:32:06.088Z] - Apollo server has been started on http://localhost:4004/graphql
[info] : [2023-09-17T02:32:06.553Z] - Mongo DB successfully connected...
[info] : [2023-09-17T02:33:56.788Z] - Apollo server has been started on http://localhost:4004/graphql
[info] : [2023-09-17T02:33:57.322Z] - Mongo DB successfully connected...
[info] : [2023-09-17T02:34:29.694Z] - Apollo server has been started on http://localhost:4004/graphql
[info] : [2023-09-17T02:34:30.986Z] - Mongo DB successfully connected...
[info] : [2023-09-17T02:34:40.174Z] - Apollo server has been started on http://localhost:4004/graphql
[info] : [2023-09-17T02:34:40.630Z] - Mongo DB successfully connected...
[info] : [2023-09-17T02:34:57.098Z] - Apollo server has been started on http://localhost:4004/graphql
[info] : [2023-09-17T02:34:57.602Z] - Mongo DB successfully connected...
[info] : [2023-09-17T02:35:15.664Z] - Apollo server has been started on http://localhost:4004/graphql
[info] : [2023-09-17T02:35:16.399Z] - Mongo DB successfully connected...
[info] : [2023-09-17T02:35:40.726Z] - Apollo server has been started on http://localhost:4004/graphql
[info] : [2023-09-17T02:35:41.080Z] - Mongo DB successfully connected...
[info] : [2023-09-17T02:37:36.121Z] - Apollo server has been started on http://localhost:4004/graphql
[info] : [2023-09-17T02:37:36.581Z] - Mongo DB successfully connected...
[info] : [2023-09-17T02:37:52.175Z] - Apollo server has been started on http://localhost:4004/graphql
[info] : [2023-09-17T02:37:52.658Z] - Mongo DB successfully connected...
[info] : [2023-09-17T02:38:03.644Z] - Apollo server has been started on http://localhost:4004/graphql
[info] : [2023-09-17T02:38:04.088Z] - Mongo DB successfully connected...
[info] : [2023-09-17T02:38:17.354Z] - Apollo server has been started on http://localhost:4004/graphql
[info] : [2023-09-17T02:38:17.804Z] - Mongo DB successfully connected...
[info] : [2023-09-17T02:38:23.729Z] - Apollo server has been started on http://localhost:4004/graphql
[info] : [2023-09-17T02:38:24.508Z] - Mongo DB successfully connected...
[info] : [2023-09-17T02:38:32.463Z] - Apollo server has been started on http://localhost:4004/graphql
[info] : [2023-09-17T02:38:32.886Z] - Mongo DB successfully connected...
[info] : [2023-09-17T02:39:09.440Z] - Apollo server has been started on http://localhost:4004/graphql
[info] : [2023-09-17T02:39:09.802Z] - Mongo DB successfully connected...
[info] : [2023-09-17T02:39:14.621Z] - Apollo server has been started on http://localhost:4004/graphql
[info] : [2023-09-17T02:39:15.071Z] - Mongo DB successfully connected...
[info] : [2023-09-17T02:40:10.261Z] - Apollo server has been started on http://localhost:4004/graphql
[info] : [2023-09-17T02:40:10.747Z] - Mongo DB successfully connected...
[info] : [2023-09-17T02:40:42.252Z] - Apollo server has been started on http://localhost:4004/graphql
[info] : [2023-09-17T02:40:42.748Z] - Mongo DB successfully connected...
[info] : [2023-09-17T02:40:45.404Z] - Apollo server has been started on http://localhost:4004/graphql
[info] : [2023-09-17T02:40:46.316Z] - Mongo DB successfully connected...
[info] : [2023-09-17T02:41:38.199Z] - Apollo server has been started on http://localhost:4004/graphql
[info] : [2023-09-17T02:41:38.890Z] - Mongo DB successfully connected...
[info] : [2023-09-17T02:41:44.193Z] - Apollo server has been started on http://localhost:4004/graphql
[info] : [2023-09-17T02:41:44.667Z] - Mongo DB successfully connected...
[info] : [2023-09-17T02:41:53.791Z] - Apollo server has been started on http://localhost:4004/graphql
[info] : [2023-09-17T02:41:54.255Z] - Mongo DB successfully connected...
[info] : [2023-09-17T02:42:18.968Z] - Apollo server has been started on http://localhost:4004/graphql
[info] : [2023-09-17T02:42:19.387Z] - Mongo DB successfully connected...
[info] : [2023-09-17T02:42:38.513Z] - Apollo server has been started on http://localhost:4004/graphql
[info] : [2023-09-17T02:42:38.942Z] - Mongo DB successfully connected...
[info] : [2023-09-17T02:42:57.279Z] - Apollo server has been started on http://localhost:4004/graphql
[info] : [2023-09-17T02:42:58.070Z] - Mongo DB successfully connected...
[info] : [2023-09-17T02:43:47.724Z] - Apollo server has been started on http://localhost:4004/graphql
[info] : [2023-09-17T02:43:48.154Z] - Mongo DB successfully connected...
[info] : [2023-09-17T02:43:50.317Z] - Apollo server has been started on http://localhost:4004/graphql
[info] : [2023-09-17T02:43:50.822Z] - Mongo DB successfully connected...
[info] : [2023-09-17T02:46:31.397Z] - Apollo server has been started on http://localhost:4004/graphql
[info] : [2023-09-17T02:46:31.820Z] - Mongo DB successfully connected...
[info] : [2023-09-17T02:48:23.663Z] - Apollo server has been started on http://localhost:4004/graphql
[info] : [2023-09-17T02:48:24.112Z] - Mongo DB successfully connected...
[info] : [2023-09-17T02:49:02.624Z] - Apollo server has been started on http://localhost:4004/graphql
[info] : [2023-09-17T02:49:03.060Z] - Mongo DB successfully connected...
[info] : [2023-09-17T02:51:01.073Z] - Apollo server has been started on http://localhost:4004/graphql
[info] : [2023-09-17T02:51:01.520Z] - Mongo DB successfully connected...
[info] : [2023-09-17T02:51:07.814Z] - Apollo server has been started on http://localhost:4004/graphql
[info] : [2023-09-17T02:51:08.296Z] - Mongo DB successfully connected...
[info] : [2023-09-17T02:51:17.128Z] - Apollo server has been started on http://localhost:4004/graphql
[info] : [2023-09-17T02:51:17.596Z] - Mongo DB successfully connected...
[info] : [2023-09-17T02:51:30.917Z] - Apollo server has been started on http://localhost:4004/graphql
[info] : [2023-09-17T02:51:31.368Z] - Mongo DB successfully connected...
[info] : [2023-09-17T02:51:47.712Z] - Apollo server has been started on http://localhost:4004/graphql
[info] : [2023-09-17T02:51:48.150Z] - Mongo DB successfully connected...
[info] : [2023-09-17T02:52:14.664Z] - Apollo server has been started on http://localhost:4004/graphql
[info] : [2023-09-17T02:52:15.103Z] - Mongo DB successfully connected...
[info] : [2023-09-17T02:52:47.146Z] - Apollo server has been started on http://localhost:4004/graphql
[info] : [2023-09-17T02:52:47.615Z] - Mongo DB successfully connected...
[info] : [2023-09-17T02:52:58.675Z] - Apollo server has been started on http://localhost:4004/graphql
[info] : [2023-09-17T02:52:59.098Z] - Mongo DB successfully connected...
[info] : [2023-09-17T02:53:30.662Z] - Apollo server has been started on http://localhost:4004/graphql
[info] : [2023-09-17T02:53:31.103Z] - Mongo DB successfully connected...
[info] : [2023-09-17T02:53:46.594Z] - Apollo server has been started on http://localhost:4004/graphql
[info] : [2023-09-17T02:53:47.060Z] - Mongo DB successfully connected...
[info] : [2023-09-17T02:54:04.095Z] - Apollo server has been started on http://localhost:4004/graphql
[info] : [2023-09-17T02:54:04.517Z] - Mongo DB successfully connected...
[info] : [2023-09-17T02:54:16.271Z] - Apollo server has been started on http://localhost:4004/graphql
[info] : [2023-09-17T02:54:16.734Z] - Mongo DB successfully connected...
[info] : [2023-09-17T02:55:42.280Z] - Apollo server has been started on http://localhost:4004/graphql
[info] : [2023-09-17T02:55:42.751Z] - Mongo DB successfully connected...
[error] : [2023-09-17T02:55:43.131Z] - Modified forbidden in removeFromBusyRoles
[error] : [2023-09-17T02:56:30.395Z] - Modified forbidden in removeFromBusyRoles
[info] : [2023-09-17T02:56:59.080Z] - Apollo server has been started on http://localhost:4004/graphql
[info] : [2023-09-17T02:56:59.594Z] - Mongo DB successfully connected...
[info] : [2023-09-17T02:57:10.591Z] - Apollo server has been started on http://localhost:4004/graphql
[info] : [2023-09-17T02:57:11.026Z] - Mongo DB successfully connected...
[info] : [2023-09-17T02:57:19.768Z] - Apollo server has been started on http://localhost:4004/graphql
[info] : [2023-09-17T02:57:20.235Z] - Mongo DB successfully connected...
[info] : [2023-09-17T02:59:49.734Z] - Apollo server has been started on http://localhost:4004/graphql
[info] : [2023-09-17T02:59:50.224Z] - Mongo DB successfully connected...
[info] : [2023-09-17T02:59:57.418Z] - Apollo server has been started on http://localhost:4004/graphql
[info] : [2023-09-17T02:59:57.906Z] - Mongo DB successfully connected...
[info] : [2023-09-17T03:00:56.405Z] - Apollo server has been started on http://localhost:4004/graphql
[info] : [2023-09-17T03:00:56.784Z] - Mongo DB successfully connected...
[info] : [2023-09-17T03:01:06.284Z] - Apollo server has been started on http://localhost:4004/graphql
[info] : [2023-09-17T03:01:06.712Z] - Mongo DB successfully connected...
[info] : [2023-09-17T03:03:06.396Z] - Apollo server has been started on http://localhost:4004/graphql
[info] : [2023-09-17T03:03:06.746Z] - Mongo DB successfully connected...
[info] : [2023-09-17T03:03:15.994Z] - Apollo server has been started on http://localhost:4004/graphql
[info] : [2023-09-17T03:03:16.506Z] - Mongo DB successfully connected...
[info] : [2023-09-17T03:03:19.133Z] - Apollo server has been started on http://localhost:4004/graphql
[info] : [2023-09-17T03:03:19.615Z] - Mongo DB successfully connected...
[info] : [2023-09-17T03:06:38.942Z] - Apollo server has been started on http://localhost:4004/graphql
[info] : [2023-09-17T03:06:39.974Z] - Mongo DB successfully connected...
[info] : [2023-09-17T03:06:44.838Z] - Apollo server has been started on http://localhost:4004/graphql
[info] : [2023-09-17T03:06:45.320Z] - Mongo DB successfully connected...
[info] : [2023-09-17T03:15:50.793Z] - Apollo server has been started on http://localhost:4004/graphql
[info] : [2023-09-17T03:15:51.284Z] - Mongo DB successfully connected...
[info] : [2023-09-17T03:16:31.159Z] - Apollo server has been started on http://localhost:4004/graphql
[info] : [2023-09-17T03:16:31.732Z] - Mongo DB successfully connected...
