[error] : [2023-09-08T18:24:36.074Z] - Modified forbidden in addPlatoonByEventId
[error] : [2023-09-08T18:25:37.298Z] - Modified forbidden in addPlatoonByEventId
[error] : [2023-09-08T19:37:30.085Z] - Modified forbidden in addSquadByPlatoonId
[error] : [2023-09-14T08:55:36.126Z] - Mongo DB Error: Error: querySrv ECONNREFUSED _mongodb._tcp.cluster0.fyfwxmm.mongodb.net
[error] : [2023-09-14T08:56:07.867Z] - Mongo DB Error: Error: querySrv ECONNREFUSED _mongodb._tcp.cluster0.fyfwxmm.mongodb.net
[error] : [2023-09-16T08:47:06.503Z] - Can't find event in getOneEvent
[error] : [2023-09-16T08:47:21.709Z] - Can't find event in getOneEvent
[error] : [2023-09-16T08:48:40.789Z] - Can't find event in getOneEvent
[error] : [2023-09-16T08:49:20.497Z] - Can't find event in getOneEvent
[error] : [2023-09-16T08:50:22.254Z] - Can't find event in getOneEvent
[error] : [2023-09-16T08:58:55.085Z] - Can't find event in getOneEvent
[error] : [2023-09-16T09:00:34.379Z] - Can't find event in getOneEvent
[error] : [2023-09-16T09:02:09.434Z] - Can't find event in getOneEvent
[error] : [2023-09-16T09:03:37.887Z] - Can't find event in getOneEvent
[error] : [2023-09-16T09:05:43.945Z] - Can't find event in getOneEvent
[error] : [2023-09-16T09:06:20.681Z] - Can't find event in getOneEvent
[error] : [2023-09-16T09:09:16.660Z] - Can't find event in getOneEvent
[error] : [2023-09-16T09:22:14.145Z] - Can't find event in getOneEvent
[error] : [2023-09-16T09:30:12.959Z] - Can't find event in getOneEvent
[error] : [2023-09-16T09:34:50.623Z] - Can't find event in getOneEvent
[error] : [2023-09-16T09:37:23.814Z] - Can't find event in getOneEvent
[error] : [2023-09-17T02:55:43.131Z] - Modified forbidden in removeFromBusyRoles
[error] : [2023-09-17T02:56:30.395Z] - Modified forbidden in removeFromBusyRoles
[error] : [2023-09-17T17:52:53.783Z] - Can't find event in getOneEvent
[error] : [2023-09-17T17:54:44.917Z] - Can't find event in getOneEvent
[error] : [2023-09-17T17:54:57.208Z] - Can't find event in getOneEvent
[error] : [2023-09-17T17:55:12.847Z] - UriParameterError: Expected uri parameter to have length >= 1, but found "" for params.Bucket
[error] : [2023-09-17T17:55:40.605Z] - UriParameterError: Expected uri parameter to have length >= 1, but found "" for params.Bucket
[error] : [2023-09-17T17:56:52.703Z] - Can't find event in getOneEvent
[error] : [2023-09-18T17:20:09.410Z] - Mongo DB Error: MongooseServerSelectionError: connect ECONNREFUSED 127.0.0.1:27017
[error] : [2023-09-18T17:22:29.618Z] - Mongo DB Error: MongooseServerSelectionError: connect ECONNREFUSED 127.0.0.1:27017
[error] : [2023-09-18T17:28:28.903Z] - Can't find event in getOneEvent
[error] : [2023-09-18T17:28:41.192Z] - SignatureDoesNotMatch: The request signature we calculated does not match the signature you provided. Check your key and signing method.
[error] : [2023-09-18T17:36:32.694Z] - Can't find event in getOneEvent
[error] : [2023-09-18T17:36:59.013Z] - Can't find event in getOneEvent
[error] : [2023-09-18T17:42:20.942Z] - Can't find event in getOneEvent
[error] : [2023-09-18T17:44:49.409Z] - Can't find event in getOneEvent
[error] : [2023-09-18T17:47:01.998Z] - Can't find event in getOneEvent
[error] : [2023-09-18T17:56:14.752Z] - Can't find event in getOneEvent
[error] : [2023-09-18T19:32:31.850Z] - Can't find event in getOneEvent
[error] : [2023-09-18T19:34:04.121Z] - Can't find event in getOneEvent
[error] : [2023-09-18T19:47:37.870Z] - Can't find event in getOneEvent
[error] : [2023-09-18T19:47:45.278Z] - Can't find event in getOneEvent
[error] : [2023-09-18T22:14:36.940Z] - Mongo DB Error: MongooseServerSelectionError: connect ECONNREFUSED 127.0.0.1:27017
[error] : [2023-09-18T22:41:40.224Z] - Mongo DB Error: MongooseServerSelectionError: connect ECONNREFUSED 127.0.0.1:27017
[error] : [2023-09-18T22:49:22.670Z] - Can't find event in getOneEvent
[error] : [2023-09-18T22:56:46.040Z] - Can't find event in getOneEvent
[error] : [2023-09-18T22:57:24.486Z] - Can't find event in getOneEvent
[error] : [2023-09-19T10:19:12.860Z] - Mongo DB Error: MongooseServerSelectionError: connect ECONNREFUSED 127.0.0.1:27017
[error] : [2023-09-19T10:19:32.141Z] - Mongo DB Error: MongooseServerSelectionError: connect ECONNREFUSED 127.0.0.1:27017
[error] : [2023-09-22T14:20:30.735Z] - Mongo DB Error: MongooseServerSelectionError: connect ECONNREFUSED 127.0.0.1:27017
[error] : [2023-09-22T15:59:59.771Z] - Can't find event in getOneEvent
[error] : [2023-09-22T16:03:53.202Z] - Can't find event in getOneEvent
[error] : [2023-09-22T16:07:54.037Z] - Can't find event in getOneEvent
[error] : [2023-09-22T20:12:49.731Z] - Can't find event in getOneEvent
[error] : [2023-09-22T20:13:07.695Z] - SignatureDoesNotMatch: The request signature we calculated does not match the signature you provided. Check your key and signing method.
[error] : [2023-09-22T20:16:43.605Z] - SignatureDoesNotMatch: The request signature we calculated does not match the signature you provided. Check your key and signing method.
[error] : [2023-09-22T20:19:58.153Z] - SignatureDoesNotMatch: The request signature we calculated does not match the signature you provided. Check your key and signing method.
[error] : [2023-09-22T20:21:36.066Z] - Can't find event in getOneEvent
[error] : [2023-09-22T20:28:09.779Z] - SignatureDoesNotMatch: The request signature we calculated does not match the signature you provided. Check your key and signing method.
[error] : [2023-09-23T00:50:41.255Z] - Can't find event in getOneEvent
[error] : [2023-09-23T00:51:01.560Z] - SignatureDoesNotMatch: The request signature we calculated does not match the signature you provided. Check your key and signing method.
[error] : [2023-09-23T01:09:34.566Z] - Can't find event in getOneEvent
[error] : [2023-09-23T01:13:51.653Z] - Can't find event in getOneEvent
[error] : [2023-09-23T01:23:51.881Z] - Can't find event in getOneEvent
[error] : [2023-09-23T01:35:11.083Z] - Can't find event in getOneEvent
[error] : [2023-09-23T02:44:44.238Z] - Can't find event in getOneEvent
[error] : [2023-09-23T02:51:52.332Z] - Can't find event in getOneEvent
[error] : [2023-09-23T02:58:46.029Z] - Can't find event in getOneEvent
[error] : [2023-09-23T02:59:01.402Z] - Can't find event in getOneEvent
[error] : [2023-09-23T03:01:59.203Z] - Can't find event in getOneEvent
[error] : [2023-09-23T03:06:27.226Z] - Can't find event in getOneEvent
[error] : [2023-09-23T03:18:12.961Z] - Can't find event in getOneEvent
